Flow report for digibot
Tue Dec 13 13:00:52 2022
Quartus Prime Version 20.1.0 Build 711 06/05/2020 SJ Lite Edition


---------------------
; Table of Contents ;
---------------------
  1. Legal Notice
  2. Flow Summary
  3. Flow Settings
  4. Flow Non-Default Global Settings
  5. Flow Elapsed Time
  6. Flow OS Summary
  7. Flow Log
  8. Flow Messages
  9. Flow Suppressed Messages



----------------
; Legal Notice ;
----------------
Copyright (C) 2020  Intel Corporation. All rights reserved.
Your use of Intel Corporation's design tools, logic functions 
and other software and tools, and any partner logic 
functions, and any output files from any of the foregoing 
(including device programming or simulation files), and any 
associated documentation or information are expressly subject 
to the terms and conditions of the Intel Program License 
Subscription Agreement, the Intel Quartus Prime License Agreement,
the Intel FPGA IP License Agreement, or other applicable license
agreement, including, without limitation, that your use is for
the sole purpose of programming logic devices manufactured by
Intel and sold by Intel or its authorized distributors.  Please
refer to the applicable agreement for further details, at
https://fpgasoftware.intel.com/eula.



+----------------------------------------------------------------------------------+
; Flow Summary                                                                     ;
+------------------------------------+---------------------------------------------+
; Flow Status                        ; Successful - Tue Dec 13 13:00:52 2022       ;
; Quartus Prime Version              ; 20.1.0 Build 711 06/05/2020 SJ Lite Edition ;
; Revision Name                      ; digibot                                     ;
; Top-level Entity Name              ; digibot                                     ;
; Family                             ; MAX 10                                      ;
; Device                             ; 10M50DAF484C7G                              ;
; Timing Models                      ; Final                                       ;
; Total logic elements               ; 5 / 49,760 ( < 1 % )                        ;
;     Total combinational functions  ; 4 / 49,760 ( < 1 % )                        ;
;     Dedicated logic registers      ; 2 / 49,760 ( < 1 % )                        ;
; Total registers                    ; 2                                           ;
; Total pins                         ; 7 / 360 ( 2 % )                             ;
; Total virtual pins                 ; 0                                           ;
; Total memory bits                  ; 0 / 1,677,312 ( 0 % )                       ;
; Embedded Multiplier 9-bit elements ; 0 / 288 ( 0 % )                             ;
; Total PLLs                         ; 0 / 4 ( 0 % )                               ;
; UFM blocks                         ; 0 / 1 ( 0 % )                               ;
; ADC blocks                         ; 0 / 2 ( 0 % )                               ;
+------------------------------------+---------------------------------------------+


+-----------------------------------------+
; Flow Settings                           ;
+-------------------+---------------------+
; Option            ; Setting             ;
+-------------------+---------------------+
; Start date & time ; 12/13/2022 12:42:40 ;
; Main task         ; Compilation         ;
; Revision Name     ; digibot             ;
+-------------------+---------------------+


+-------------------------------------------------------------------------------------------------------------------------+
; Flow Non-Default Global Settings                                                                                        ;
+-------------------------------------+----------------------------------------+---------------+-------------+------------+
; Assignment Name                     ; Value                                  ; Default Value ; Entity Name ; Section Id ;
+-------------------------------------+----------------------------------------+---------------+-------------+------------+
; COMPILER_SIGNATURE_ID               ; 1096056754554.167095696012556          ; --            ; --          ; --         ;
; MAX_CORE_JUNCTION_TEMP              ; 85                                     ; --            ; --          ; --         ;
; MIN_CORE_JUNCTION_TEMP              ; 0                                      ; --            ; --          ; --         ;
; PARTITION_COLOR                     ; -- (Not supported for targeted family) ; --            ; --          ; Top        ;
; PARTITION_FITTER_PRESERVATION_LEVEL ; -- (Not supported for targeted family) ; --            ; --          ; Top        ;
; PARTITION_NETLIST_TYPE              ; -- (Not supported for targeted family) ; --            ; --          ; Top        ;
; PROJECT_OUTPUT_DIRECTORY            ; output_files                           ; --            ; --          ; --         ;
+-------------------------------------+----------------------------------------+---------------+-------------+------------+


+--------------------------------------------------------------------------------------------------------------------------+
; Flow Elapsed Time                                                                                                        ;
+----------------------+--------------+-------------------------+---------------------+------------------------------------+
; Module Name          ; Elapsed Time ; Average Processors Used ; Peak Virtual Memory ; Total CPU Time (on all processors) ;
+----------------------+--------------+-------------------------+---------------------+------------------------------------+
; Analysis & Synthesis ; 00:00:10     ; 1.0                     ; 4753 MB             ; 00:00:26                           ;
; Fitter               ; 00:00:17     ; 1.0                     ; 5642 MB             ; 00:00:20                           ;
; Assembler            ; 00:00:04     ; 1.0                     ; 4688 MB             ; 00:00:03                           ;
; Timing Analyzer      ; 00:00:04     ; 1.0                     ; 4819 MB             ; 00:00:04                           ;
; EDA Netlist Writer   ; 00:00:00     ; 1.0                     ; 4634 MB             ; 00:00:00                           ;
; EDA Netlist Writer   ; 00:00:00     ; 1.0                     ; 4642 MB             ; 00:00:01                           ;
; EDA Netlist Writer   ; 00:00:00     ; 1.0                     ; 4634 MB             ; 00:00:00                           ;
; EDA Netlist Writer   ; 00:00:01     ; 1.0                     ; 4642 MB             ; 00:00:01                           ;
; EDA Netlist Writer   ; 00:00:01     ; 1.0                     ; 4634 MB             ; 00:00:01                           ;
; EDA Netlist Writer   ; 00:00:01     ; 1.0                     ; 4642 MB             ; 00:00:01                           ;
; Total                ; 00:00:38     ; --                      ; --                  ; 00:00:57                           ;
+----------------------+--------------+-------------------------+---------------------+------------------------------------+


+------------------------------------------------------------------------------------+
; Flow OS Summary                                                                    ;
+----------------------+------------------+------------+------------+----------------+
; Module Name          ; Machine Hostname ; OS Name    ; OS Version ; Processor type ;
+----------------------+------------------+------------+------------+----------------+
; Analysis & Synthesis ; MSOE-PF3W02T1    ; Windows 10 ; 10.0       ; x86_64         ;
; Fitter               ; MSOE-PF3W02T1    ; Windows 10 ; 10.0       ; x86_64         ;
; Assembler            ; MSOE-PF3W02T1    ; Windows 10 ; 10.0       ; x86_64         ;
; Timing Analyzer      ; MSOE-PF3W02T1    ; Windows 10 ; 10.0       ; x86_64         ;
; EDA Netlist Writer   ; MSOE-PF3W02T1    ; Windows 10 ; 10.0       ; x86_64         ;
; EDA Netlist Writer   ; MSOE-PF3W02T1    ; Windows 10 ; 10.0       ; x86_64         ;
; EDA Netlist Writer   ; MSOE-PF3W02T1    ; Windows 10 ; 10.0       ; x86_64         ;
; EDA Netlist Writer   ; MSOE-PF3W02T1    ; Windows 10 ; 10.0       ; x86_64         ;
; EDA Netlist Writer   ; MSOE-PF3W02T1    ; Windows 10 ; 10.0       ; x86_64         ;
; EDA Netlist Writer   ; MSOE-PF3W02T1    ; Windows 10 ; 10.0       ; x86_64         ;
+----------------------+------------------+------------+------------+----------------+


------------
; Flow Log ;
------------
quartus_map --read_settings_files=on --write_settings_files=off digibot -c digibot
quartus_fit --read_settings_files=off --write_settings_files=off digibot -c digibot
quartus_asm --read_settings_files=off --write_settings_files=off digibot -c digibot
quartus_sta digibot -c digibot
quartus_eda --gen_testbench --tool=modelsim_oem --format=verilog --write_settings_files=off digibot -c digibot --vector_source="C:/Users/dahlgrenj/OneDrive - Milwaukee School of Engineering/Documents/DigitalLogic2/lab2/Waveform.vwf" --testbench_file="C:/Users/dahlgrenj/OneDrive - Milwaukee School of Engineering/Documents/DigitalLogic2/lab2/simulation/qsim/Waveform.vwf.vt"
quartus_eda --write_settings_files=off --simulation=on --functional=on --flatten_buses=off --tool=modelsim_oem --format=verilog --output_directory="C:/Users/dahlgrenj/OneDrive - Milwaukee School of Engineering/Documents/DigitalLogic2/lab2/simulation/qsim/" digibot -c digibot
quartus_eda --gen_testbench --tool=modelsim_oem --format=verilog --write_settings_files=off digibot -c digibot --vector_source="C:/Users/dahlgrenj/OneDrive - Milwaukee School of Engineering/Documents/DigitalLogic2/lab2/Waveform.vwf" --testbench_file="C:/Users/dahlgrenj/OneDrive - Milwaukee School of Engineering/Documents/DigitalLogic2/lab2/simulation/qsim/Waveform.vwf.vt"
quartus_eda --write_settings_files=off --simulation=on --functional=on --flatten_buses=off --tool=modelsim_oem --format=verilog --output_directory="C:/Users/dahlgrenj/OneDrive - Milwaukee School of Engineering/Documents/DigitalLogic2/lab2/simulation/qsim/" digibot -c digibot
quartus_eda --gen_testbench --tool=modelsim_oem --format=verilog --write_settings_files=off digibot -c digibot --vector_source="C:/Users/dahlgrenj/OneDrive - Milwaukee School of Engineering/Documents/DigitalLogic2/lab2/Waveform.vwf" --testbench_file="C:/Users/dahlgrenj/OneDrive - Milwaukee School of Engineering/Documents/DigitalLogic2/lab2/simulation/qsim/Waveform.vwf.vt"
quartus_eda --write_settings_files=off --simulation=on --functional=on --flatten_buses=off --tool=modelsim_oem --format=verilog --output_directory="C:/Users/dahlgrenj/OneDrive - Milwaukee School of Engineering/Documents/DigitalLogic2/lab2/simulation/qsim/" digibot -c digibot



